<?xml version="1.0" encoding="UTF-8"?><testsuite errors="0" failures="0" name="com.restfulbooker.bookininfo.BookingCURDTest" skipped="0" tests="5" time="18.23" timestamp="2023-01-10T22:49:34.685Z[Europe/London]"><testcase classname="com.restfulbooker.bookininfo.BookingCURDTest" name="Create a new booking"/><testcase classname="com.restfulbooker.bookininfo.BookingCURDTest" name="Get the booking"/><testcase classname="com.restfulbooker.bookininfo.BookingCURDTest" name="Update the booking"/><testcase classname="com.restfulbooker.bookininfo.BookingCURDTest" name="Update the partial booking"/><testcase classname="com.restfulbooker.bookininfo.BookingCURDTest" name="Delete the booking"/></testsuite>